[debug] [2025-04-18T23:11:48.788Z] ----------------------------------------------------------------------
[debug] [2025-04-18T23:11:48.791Z] Command:       C:\Program Files\nodejs\New Folder\node.exe C:\Users\Win10\AppData\Roaming\npm\node_modules\firebase-tools\lib\bin\firebase.js init
[debug] [2025-04-18T23:11:48.792Z] CLI Version:   14.2.0
[debug] [2025-04-18T23:11:48.792Z] Platform:      win32
[debug] [2025-04-18T23:11:48.792Z] Node Version:  v20.18.0
[debug] [2025-04-18T23:11:48.792Z] Time:          Fri Apr 18 2025 19:11:48 GMT-0400 (Bolivia Time)
[debug] [2025-04-18T23:11:48.792Z] ----------------------------------------------------------------------
[debug] 
[debug] [2025-04-18T23:11:48.796Z] >>> [apiv2][query] GET https://firebase-public.firebaseio.com/cli.json [none]
[debug] [2025-04-18T23:11:48.845Z] > command requires scopes: ["email","openid","https://www.googleapis.com/auth/cloudplatformprojects.readonly","https://www.googleapis.com/auth/firebase","https://www.googleapis.com/auth/cloud-platform"]
[debug] [2025-04-18T23:11:48.846Z] > authorizing via signed-in user (leo.ibarralopez@gmail.com)
[info] 
     ######## #### ########  ######## ########     ###     ######  ########
     ##        ##  ##     ## ##       ##     ##  ##   ##  ##       ##
     ######    ##  ########  ######   ########  #########  ######  ######
     ##        ##  ##    ##  ##       ##     ## ##     ##       ## ##
     ##       #### ##     ## ######## ########  ##     ##  ######  ########

You're about to initialize a Firebase project in this directory:

  D:\Documentos\U\decisionesTIC\bicentenarioUcb\frontend

[debug] [2025-04-18T23:11:49.395Z] <<< [apiv2][status] GET https://firebase-public.firebaseio.com/cli.json 200
[debug] [2025-04-18T23:11:49.395Z] <<< [apiv2][body] GET https://firebase-public.firebaseio.com/cli.json {"cloudBuildErrorAfter":1594252800000,"cloudBuildWarnAfter":1590019200000,"defaultNode10After":1594252800000,"minVersion":"3.0.5","node8DeploysDisabledAfter":1613390400000,"node8RuntimeDisabledAfter":1615809600000,"node8WarnAfter":1600128000000}
[info] 
=== Project Setup
[info] 
[info] First, let's associate this project directory with a Firebase project.
[info] You can create multiple project aliases by running firebase use --add, 
[info] but for now we'll just set up a default project.
[info] 
[info] i  If you want to create a project in a Google Cloud organization or folder, please use "firebase projects:create" instead, and return to this command when you've created the project. 
